<?xml version="1.0" encoding="UTF-8"?>
<!-- Generated by org.testng.reporters.JUnitReportReporter -->
<testsuite hostname="hp" failures="0" tests="1" name="Test_Classes.Test_Class1" time="12.925" errors="0" timestamp="2023-02-18T11:37:52 IST" skipped="0">
  <testcase classname="Test_Classes.Test_Class1" name="verifysername" time="12.925"/>
  <system-out/>
</testsuite> <!-- Test_Classes.Test_Class1 -->
